Arguments: 
  C:\Program Files\nodejs\node.exe C:\Users\Carol\AppData\Roaming\npm\node_modules\yarn\bin\yarn.js add socket.io-client

PATH: 
  C:\Program Files (x86)\Common Files\Oracle\Java\javapath;C:\Windows\system32;C:\Windows;C:\Windows\System32\Wbem;C:\Windows\System32\WindowsPowerShell\v1.0\;C:\Windows\System32\OpenSSH\;C:\Program Files (x86)\NVIDIA Corporation\PhysX\Common;C:\WINDOWS\system32;C:\WINDOWS;C:\WINDOWS\System32\Wbem;C:\WINDOWS\System32\WindowsPowerShell\v1.0\;C:\WINDOWS\System32\OpenSSH\;C:\ProgramData\chocolatey\bin;C:\Program Files\nodejs\;C:\Program Files\dotnet\;C:\Program Files\Microsoft SQL Server\130\Tools\Binn\;C:\Program Files\Microsoft SQL Server\Client SDK\ODBC\170\Tools\Binn\;C:\Program Files\Portugal Identity Card\;C:\Users\Carol\AppData\Local\Microsoft\WindowsApps;;C:\Users\Carol\AppData\Local\Programs\Microsoft VS Code\bin;C:\Users\Carol\AppData\Roaming\npm;C:\Users\Carol\.dotnet\tools

Yarn version: 
  1.22.10

Node version: 
  14.17.1

Platform: 
  win32 x64

Trace: 
  Error: EPERM: operation not permitted, unlink 'C:\Users\Carol\Documents\projetos_node\NLW Heat all\web\node_modules\esbuild-windows-64\esbuild.exe'

npm manifest: 
  {
    "name": "web",
    "version": "0.0.0",
    "scripts": {
      "dev": "vite",
      "build": "tsc && vite build",
      "serve": "vite preview"
    },
    "dependencies": {
      "react": "^17.0.0",
      "react-dom": "^17.0.0"
    },
    "devDependencies": {
      "@types/react": "^17.0.0",
      "@types/react-dom": "^17.0.0",
      "@vitejs/plugin-react": "^1.0.0",
      "typescript": "^4.3.2",
      "vite": "^2.6.4"
    }
  }

yarn manifest: 
  No manifest

Lockfile: 
  No lockfile
